[debug] [2025-10-26T04:11:18.718Z] ----------------------------------------------------------------------
[debug] [2025-10-26T04:11:18.720Z] Command:       C:\Program Files\nodejs\node.exe C:\Users\minec\AppData\Roaming\npm\node_modules\firebase-tools\lib\bin\firebase.js init hosting
[debug] [2025-10-26T04:11:18.721Z] CLI Version:   14.22.0
[debug] [2025-10-26T04:11:18.721Z] Platform:      win32
[debug] [2025-10-26T04:11:18.721Z] Node Version:  v22.20.0
[debug] [2025-10-26T04:11:18.721Z] Time:          Sun Oct 26 2025 12:11:18 GMT+0800 (Taiwan Standard Time)
[debug] [2025-10-26T04:11:18.721Z] ----------------------------------------------------------------------
[debug] 
[info] 
     ######## #### ########  ######## ########     ###     ######  ########
     ##        ##  ##     ## ##       ##     ##  ##   ##  ##       ##
     ######    ##  ########  ######   ########  #########  ######  ######
     ##        ##  ##    ##  ##       ##     ## ##     ##       ## ##
     ##       #### ##     ## ######## ########  ##     ##  ######  ########

You're about to initialize a Firebase project in this directory:

  C:\Users\minec\Desktop\Repositories\SmartChildCare\server

[info] 
=== Project Setup
[info] 
[info] First, let's associate this project directory with a Firebase project.
[info] You can create multiple project aliases by running firebase use --add, 
[info] 
[debug] [2025-10-26T04:11:35.816Z] > command requires scopes: ["email","openid","https://www.googleapis.com/auth/cloudplatformprojects.readonly","https://www.googleapis.com/auth/firebase","https://www.googleapis.com/auth/cloud-platform"]
[debug] [2025-10-26T04:11:35.817Z] > authorizing via signed-in user (tanchristiany@gmail.com)
[debug] [2025-10-26T04:11:35.818Z] Checked if tokens are valid: true, expires at: 1761455316817
[debug] [2025-10-26T04:11:35.818Z] Checked if tokens are valid: true, expires at: 1761455316817
[debug] [2025-10-26T04:11:35.819Z] >>> [apiv2][query] GET https://firebase.googleapis.com/v1beta1/projects pageSize=100
[debug] [2025-10-26T04:11:36.367Z] <<< [apiv2][status] GET https://firebase.googleapis.com/v1beta1/projects 200
[debug] [2025-10-26T04:11:36.367Z] <<< [apiv2][body] GET https://firebase.googleapis.com/v1beta1/projects [omitted]
[info] 
=== Hosting Setup
[debug] [2025-10-26T04:11:39.413Z] Checked if tokens are valid: true, expires at: 1761455316817
[debug] [2025-10-26T04:11:39.413Z] Checked if tokens are valid: true, expires at: 1761455316817
[debug] [2025-10-26T04:11:39.414Z] >>> [apiv2][query] GET https://firebase.googleapis.com/v1beta1/projects/smartchild-2e350 [none]
[debug] [2025-10-26T04:11:39.684Z] <<< [apiv2][status] GET https://firebase.googleapis.com/v1beta1/projects/smartchild-2e350 200
[debug] [2025-10-26T04:11:39.684Z] <<< [apiv2][body] GET https://firebase.googleapis.com/v1beta1/projects/smartchild-2e350 {"projectId":"smartchild-2e350","projectNumber":"683277352301","displayName":"SmartChild","name":"projects/smartchild-2e350","resources":{"hostingSite":"smartchild-2e350","realtimeDatabaseInstance":"smartchild-2e350-default-rtdb"},"state":"ACTIVE","etag":"1_3721912e-b0e9-47d9-bbd2-653cffbe513f"}
[info] 
[info] Your public directory is the folder (relative to your project directory) that
[info] will contain Hosting assets to be uploaded with firebase deploy. If you
[info] have a build process for your assets, use your build's output directory.
[info] 
[debug] [2025-10-26T04:12:21.844Z] ExitPromptError: User force closed the prompt with SIGINT
    at Interface.sigint (C:\Users\minec\AppData\Roaming\npm\node_modules\firebase-tools\node_modules\@inquirer\core\dist\commonjs\lib\create-prompt.js:101:37)
    at Interface.emit (node:events:519:28)
    at Interface.emit (node:domain:489:12)
    at [_ttyWrite] [as _ttyWrite] (node:internal/readline/interface:1128:18)
    at ReadStream.onkeypress (node:internal/readline/interface:271:20)
    at ReadStream.emit (node:events:531:35)
    at ReadStream.emit (node:domain:489:12)
    at emitKeys (node:internal/readline/utils:370:14)
    at emitKeys.next (<anonymous>)
    at ReadStream.onData (node:internal/readline/emitKeypressEvents:64:36)
[error] 
[error] Error: An unexpected error has occurred.
